<?xml version="1.0" encoding="UTF-8"?>
<!-- Generated by org.testng.reporters.JUnitXMLReporter -->
<testsuite hostname="DESKTOP-VBQG2JB" ignored="1" name="Default test" tests="3" failures="0" timestamp="08 Oct 2021 23:43:07 GMT" time="13.295" errors="0">
  <testcase name="getWeather" time="10.17" classname="wAPI.WeatherPuneAPI"/>
  <testcase name="getWeather3" time="1.538" classname="wAPI.WeatherPuneAPI"/>
  <testcase name="getWeather4" time="1.443" classname="wAPI.WeatherPuneAPI"/>
  <testcase name="getWeather2" time="0.0" classname="wAPI.WeatherPuneAPI">
    <ignored/>
  </testcase> <!-- getWeather2 -->
</testsuite> <!-- Default test -->
